#
# There is insufficient memory for the Java Runtime Environment to continue.
# Native memory allocation (malloc) failed to allocate 1048576 bytes for AllocateHeap
# Possible reasons:
#   The system is out of physical RAM or swap space
#   The process is running with CompressedOops enabled, and the Java Heap may be blocking the growth of the native heap
# Possible solutions:
#   Reduce memory load on the system
#   Increase physical memory or swap space
#   Check if swap backing store is full
#   Decrease Java heap size (-Xmx/-Xms)
#   Decrease number of Java threads
#   Decrease Java thread stack sizes (-Xss)
#   Set larger code cache with -XX:ReservedCodeCacheSize=
#   JVM is running with Unscaled Compressed Oops mode in which the Java heap is
#     placed in the first 4GB address space. The Java Heap base address is the
#     maximum limit for the native heap growth. Please use -XX:HeapBaseMinAddress
#     to set the Java Heap base and to place the Java Heap above 4GB virtual address.
# This output file may be truncated or incomplete.
#
#  Out of Memory Error (allocation.cpp:44), pid=7240, tid=26148
#
# JRE version:  (17.0.4.1+1) (build )
# Java VM: OpenJDK 64-Bit Server VM (17.0.4.1+1, mixed mode, tiered, compressed oops, compressed class ptrs, parallel gc, windows-amd64)
# No core dump will be written. Minidumps are not enabled by default on client versions of Windows
#

---------------  S U M M A R Y ------------

Command Line: --add-modules=ALL-SYSTEM --add-opens=java.base/java.util=ALL-UNNAMED --add-opens=java.base/java.lang=ALL-UNNAMED --add-opens=java.base/sun.nio.fs=ALL-UNNAMED -Declipse.application=org.eclipse.jdt.ls.core.id1 -Dosgi.bundles.defaultStartLevel=4 -Declipse.product=org.eclipse.jdt.ls.core.product -Djava.import.generatesMetadataFilesAtProjectRoot=false -Dfile.encoding=utf8 -XX:+UseParallelGC -XX:GCTimeRatio=4 -XX:AdaptiveSizePolicyWeight=90 -Dsun.zip.disableMemoryMapping=true -Xmx1G -Xms100m -Xlog:disable -javaagent:d:\Users\S9049880\.vscode\extensions\redhat.java-1.12.0-win32-x64\lombok\lombok-1.18.24.jar -XX:+HeapDumpOnOutOfMemoryError -XX:HeapDumpPath=d:\Users\S9049880\AppData\Roaming\Code\User\workspaceStorage\c29feb8b2c5aa729fa7e44b4dbb5fce7\redhat.java d:\Users\S9049880\.vscode\extensions\redhat.java-1.12.0-win32-x64\server\plugins\org.eclipse.equinox.launcher_1.6.400.v20210924-0641.jar -configuration d:\Users\S9049880\AppData\Roaming\Code\User\globalStorage\redhat.java\1.12.0\config_win -data d:\Users\S9049880\AppData\Roaming\Code\User\workspaceStorage\c29feb8b2c5aa729fa7e44b4dbb5fce7\redhat.java\jdt_ws

Host: Intel(R) Core(TM) i5-10500 CPU @ 3.10GHz, 12 cores, 15G,  Windows 10 , 64 bit Build 19041 (10.0.19041.1889)
Time: Tue Nov  1 09:52:18 2022  Windows 10 , 64 bit Build 19041 (10.0.19041.1889) elapsed time: 0.231183 seconds (0d 0h 0m 0s)

---------------  T H R E A D  ---------------

Current thread (0x0000019a990b5ff0):  JavaThread "Unknown thread" [_thread_in_vm, id=26148, stack(0x0000000942300000,0x0000000942400000)]

Stack: [0x0000000942300000,0x0000000942400000]
Native frames: (J=compiled Java code, j=interpreted, Vv=VM code, C=native code)
V  [jvm.dll+0x67731a]
V  [jvm.dll+0x832284]
V  [jvm.dll+0x833a2e]
V  [jvm.dll+0x834093]
V  [jvm.dll+0x245775]
V  [jvm.dll+0xa6393]
V  [jvm.dll+0x6b46b3]
V  [jvm.dll+0x6b521f]
V  [jvm.dll+0x683a88]
V  [jvm.dll+0x8044cb]
V  [jvm.dll+0x369974]
V  [jvm.dll+0x7e31bc]
V  [jvm.dll+0x3ec25f]
V  [jvm.dll+0x3edde1]
C  [jli.dll+0x5277]
C  [ucrtbase.dll+0x21bb2]
C  [KERNEL32.DLL+0x17034]
C  [ntdll.dll+0x526a1]


---------------  P R O C E S S  ---------------

Threads class SMR info:
_java_thread_list=0x00007ff983f54e98, length=0, elements={
}

Java Threads: ( => current thread )

Other Threads:
  0x0000019a990cb050 GCTaskThread "GC Thread#0" [stack: 0x0000000942400000,0x0000000942500000] [id=11524]

=>0x0000019a990b5ff0 (exited) JavaThread "Unknown thread" [_thread_in_vm, id=26148, stack(0x0000000942300000,0x0000000942400000)]

Threads with active compile tasks:

VM state: not at safepoint (normal execution)

VM Mutex/Monitor currently owned by a thread: None

Heap address: 0x00000000c0000000, size: 1024 MB, Compressed Oops mode: 32-bit

CDS archive(s) not mapped
Compressed class space mapped at: 0x0000000100000000-0x0000000140000000, reserved size: 1073741824
Narrow klass base: 0x0000000000000000, Narrow klass shift: 3, Narrow klass range: 0x140000000

GC Precious Log:
 CPUs: 12 total, 12 available
 Memory: 16096M
 Large Page Support: Disabled
 NUMA Support: Disabled
 Compressed Oops: Enabled (32-bit)
 Alignments: Space 512K, Generation 512K, Heap 2M
 Heap Min Capacity: 100M
 Heap Initial Capacity: 100M
 Heap Max Capacity: 1G
 Pre-touch: Disabled
 Parallel Workers: 10

Heap:
 PSYoungGen      total 29696K, used 512K [0x00000000eab00000, 0x00000000ecc00000, 0x0000000100000000)
  eden space 25600K, 2% used [0x00000000eab00000,0x00000000eab80070,0x00000000ec400000)
  from space 4096K, 0% used [0x00000000ec800000,0x00000000ec800000,0x00000000ecc00000)
  to   space 4096K, 0% used [0x00000000ec400000,0x00000000ec400000,0x00000000ec800000)
 ParOldGen       total 68608K, used 0K [0x00000000c0000000, 0x00000000c4300000, 0x00000000eab00000)
  object space 68608K, 0% used [0x00000000c0000000,0x00000000c0000000,0x00000000c4300000)
 Metaspace       used 1149K, committed 1216K, reserved 1056768K
  class space    used 101K, committed 128K, reserved 1048576K

Card table byte_map: [0x0000019a98a00000,0x0000019a98c10000] _byte_map_base: 0x0000019a98400000

Marking Bits: (ParMarkBitMap*) 0x00007ff983fc2cc0
 Begin Bits: [0x0000019aaacb0000, 0x0000019aabcb0000)
 End Bits:   [0x0000019aabcb0000, 0x0000019aaccb0000)

Polling page: 0x0000019a987f0000

Metaspace:

Usage:
  Non-class:      1.02 MB used.
      Class:    101.01 KB used.
       Both:      1.12 MB used.

Virtual space:
  Non-class space:        8.00 MB reserved,       1.06 MB ( 13%) committed,  1 nodes.
      Class space:        1.00 GB reserved,     128.00 KB ( <1%) committed,  1 nodes.
             Both:        1.01 GB reserved,       1.19 MB ( <1%) committed. 

Chunk freelists:
   Non-Class:  0 bytes
       Class:  3.75 MB
        Both:  3.75 MB

MaxMetaspaceSize: unlimited
CompressedClassSpaceSize: 1.00 GB
Initial GC threshold: 21.00 MB
Current GC threshold: 17179869184.00 GB
CDS: off
MetaspaceReclaimPolicy: balanced
 - commit_granule_bytes: 65536.
 - commit_granule_words: 8192.
 - virtual_space_node_default_size: 1048576.
 - enlarge_chunks_in_place: 1.
 - new_chunks_are_fully_committed: 0.
 - uncommit_free_chunks: 1.
 - use_allocation_guard: 0.
 - handle_deallocations: 1.


Internal statistics:

num_allocs_failed_limit: 0.
num_arena_births: 2.
num_arena_deaths: 0.
num_vsnodes_births: 2.
num_vsnodes_deaths: 0.
num_space_committed: 19.
num_space_uncommitted: 0.
num_chunks_returned_to_freelist: 0.
num_chunks_taken_from_freelist: 3.
num_chunk_merges: 0.
num_chunk_splits: 1.
num_chunks_enlarged: 0.
num_purges: 0.
num_inconsistent_stats: 0.

CodeHeap 'non-profiled nmethods': size=120000Kb used=0Kb max_used=0Kb free=120000Kb
 bounds [0x0000019aa3780000, 0x0000019aa39f0000, 0x0000019aaacb0000]
CodeHeap 'profiled nmethods': size=120000Kb used=0Kb max_used=0Kb free=120000Kb
 bounds [0x0000019a9c250000, 0x0000019a9c4c0000, 0x0000019aa3780000]
CodeHeap 'non-nmethods': size=5760Kb used=202Kb max_used=335Kb free=5557Kb
 bounds [0x0000019a9bcb0000, 0x0000019a9bf20000, 0x0000019a9c250000]
 total_blobs=66 nmethods=0 adapters=47
 compilation: enabled
              stopped_count=0, restarted_count=0
 full_count=0

Compilation events (0 events):
No events

GC Heap History (0 events):
No events

Deoptimization events (0 events):
No events

Classes unloaded (0 events):
No events

Classes redefined (0 events):
No events

Internal exceptions (0 events):
No events

VM Operations (0 events):
No events

Events (20 events):
Event: 0.208 loading class java/lang/Long
Event: 0.208 loading class java/lang/Long done
Event: 0.208 loading class java/util/Iterator
Event: 0.208 loading class java/util/Iterator done
Event: 0.208 loading class java/lang/reflect/RecordComponent
Event: 0.209 loading class java/lang/reflect/RecordComponent done
Event: 0.209 loading class jdk/internal/vm/vector/VectorSupport
Event: 0.209 loading class jdk/internal/vm/vector/VectorSupport done
Event: 0.209 loading class jdk/internal/vm/vector/VectorSupport$VectorPayload
Event: 0.209 loading class jdk/internal/vm/vector/VectorSupport$VectorPayload done
Event: 0.209 loading class jdk/internal/vm/vector/VectorSupport$Vector
Event: 0.209 loading class jdk/internal/vm/vector/VectorSupport$Vector done
Event: 0.209 loading class jdk/internal/vm/vector/VectorSupport$VectorMask
Event: 0.209 loading class jdk/internal/vm/vector/VectorSupport$VectorMask done
Event: 0.209 loading class jdk/internal/vm/vector/VectorSupport$VectorShuffle
Event: 0.209 loading class jdk/internal/vm/vector/VectorSupport$VectorShuffle done
Event: 0.218 loading class java/lang/NullPointerException
Event: 0.218 loading class java/lang/NullPointerException done
Event: 0.218 loading class java/lang/ArithmeticException
Event: 0.218 loading class java/lang/ArithmeticException done


Dynamic libraries:
0x00007ff7571e0000 - 0x00007ff7571ee000 	d:\Users\S9049880\.vscode\extensions\redhat.java-1.12.0-win32-x64\jre\17.0.4.1-win32-x86_64\bin\java.exe
0x00007ff9e0cf0000 - 0x00007ff9e0ee8000 	C:\windows\SYSTEM32\ntdll.dll
0x00007ff9df8a0000 - 0x00007ff9df95d000 	C:\windows\System32\KERNEL32.DLL
0x00007ff9de960000 - 0x00007ff9dec2e000 	C:\windows\System32\KERNELBASE.dll
0x00007ff9beca0000 - 0x00007ff9beda0000 	C:\windows\SYSTEM32\winhafnt64.dll
0x00007ff9d4080000 - 0x00007ff9d4596000 	C:\windows\System32\TSafeDoc64.dll
0x00007ff9dfa10000 - 0x00007ff9dfa7b000 	C:\windows\System32\WS2_32.dll
0x00007ff9e0940000 - 0x00007ff9e0ae0000 	C:\windows\System32\USER32.dll
0x00007ff9ded20000 - 0x00007ff9ded42000 	C:\windows\System32\win32u.dll
0x00007ff9dfa80000 - 0x00007ff9dfaaa000 	C:\windows\System32\GDI32.dll
0x00007ff9de510000 - 0x00007ff9de61b000 	C:\windows\System32\gdi32full.dll
0x00007ff9e0b80000 - 0x00007ff9e0ca5000 	C:\windows\System32\RPCRT4.dll
0x00007ff9dec30000 - 0x00007ff9deccd000 	C:\windows\System32\msvcp_win.dll
0x00007ff9df6a0000 - 0x00007ff9df74e000 	C:\windows\System32\ADVAPI32.dll
0x00007ff9d3fe0000 - 0x00007ff9d4078000 	C:\windows\SYSTEM32\WINSPOOL.DRV
0x00007ff9de410000 - 0x00007ff9de510000 	C:\windows\System32\ucrtbase.dll
0x00007ff9dd210000 - 0x00007ff9dd21a000 	C:\windows\SYSTEM32\VERSION.dll
0x00007ff9df970000 - 0x00007ff9dfa0e000 	C:\windows\System32\msvcrt.dll
0x00007ff9e0030000 - 0x00007ff9e00cc000 	C:\windows\System32\sechost.dll
0x00007ff9e00d0000 - 0x00007ff9e0813000 	C:\windows\System32\SHELL32.dll
0x00007ff9df570000 - 0x00007ff9df69a000 	C:\windows\System32\ole32.dll
0x00007ff9defd0000 - 0x00007ff9df324000 	C:\windows\System32\combase.dll
0x00007ff9ded50000 - 0x00007ff9dee1d000 	C:\windows\System32\OLEAUT32.dll
0x00007ff9c8d50000 - 0x00007ff9c8d68000 	d:\Users\S9049880\.vscode\extensions\redhat.java-1.12.0-win32-x64\jre\17.0.4.1-win32-x86_64\bin\jli.dll
0x00007ff9d8530000 - 0x00007ff9d854d000 	C:\windows\SYSTEM32\MPR.dll
0x00007ff9d66f0000 - 0x00007ff9d6709000 	d:\Users\S9049880\.vscode\extensions\redhat.java-1.12.0-win32-x64\jre\17.0.4.1-win32-x86_64\bin\VCRUNTIME140.dll
0x00007ff9d0420000 - 0x00007ff9d06ba000 	C:\windows\WinSxS\amd64_microsoft.windows.common-controls_6595b64144ccf1df_6.0.19041.1110_none_60b5254171f9507e\COMCTL32.dll
0x00007ff9e0b50000 - 0x00007ff9e0b80000 	C:\windows\System32\IMM32.DLL
0x00007ff9be0e0000 - 0x00007ff9be5ea000 	C:\windows\SYSTEM32\winhadnt64.dll
0x00007ff9df510000 - 0x00007ff9df565000 	C:\windows\System32\SHLWAPI.dll
0x00007ff9d3d60000 - 0x00007ff9d3d87000 	C:\windows\SYSTEM32\WINMM.dll
0x00007ff9dd850000 - 0x00007ff9dd91a000 	C:\windows\SYSTEM32\Dnsapi.dll
0x00007ff9dd810000 - 0x00007ff9dd84b000 	C:\windows\SYSTEM32\IPHLPAPI.DLL
0x00007ff9e0ae0000 - 0x00007ff9e0ae8000 	C:\windows\System32\NSI.dll
0x00007ff9d3b20000 - 0x00007ff9d3d3c000 	C:\windows\SYSTEM32\DtFrame64.dll
0x00007ff9c04a0000 - 0x00007ff9c04d1000 	C:\windows\SYSTEM32\TIjtdrvd64.dll
0x00007ff9bc820000 - 0x00007ff9bc93d000 	C:\windows\SYSTEM32\DtsFrame64.dll
0x00007ff9ddb70000 - 0x00007ff9ddbda000 	C:\windows\SYSTEM32\mswsock.dll
0x00007ff9bc810000 - 0x00007ff9bc81c000 	C:\windows\SYSTEM32\WinUsb.dll
0x00007ff9df830000 - 0x00007ff9df838000 	C:\windows\System32\psapi.dll
0x00007ff9beba0000 - 0x00007ff9bec94000 	C:\windows\SYSTEM32\TMailHook64.dll
0x00007ff9de7b0000 - 0x00007ff9de832000 	C:\windows\System32\bcryptPrimitives.dll
0x00007ff9c0a60000 - 0x00007ff9c0a87000 	C:\windows\SYSTEM32\hlink.dll
0x00007ff9d4fd0000 - 0x00007ff9d5281000 	C:\windows\SYSTEM32\iertutil.dll
0x00007ff9df460000 - 0x00007ff9df50d000 	C:\windows\System32\shcore.dll
0x00007ff9dd220000 - 0x00007ff9dd22c000 	C:\windows\SYSTEM32\secur32.dll
0x00007ff9de2d0000 - 0x00007ff9de302000 	C:\windows\SYSTEM32\SSPICLI.DLL
0x00007ff9c8d40000 - 0x00007ff9c8d4c000 	d:\Users\S9049880\.vscode\extensions\redhat.java-1.12.0-win32-x64\jre\17.0.4.1-win32-x86_64\bin\vcruntime140_1.dll
0x00007ff9ab680000 - 0x00007ff9ab711000 	d:\Users\S9049880\.vscode\extensions\redhat.java-1.12.0-win32-x64\jre\17.0.4.1-win32-x86_64\bin\msvcp140.dll
0x00007ff983440000 - 0x00007ff984086000 	d:\Users\S9049880\.vscode\extensions\redhat.java-1.12.0-win32-x64\jre\17.0.4.1-win32-x86_64\bin\server\jvm.dll
0x00007ff9d6aa0000 - 0x00007ff9d6aa9000 	C:\windows\SYSTEM32\WSOCK32.dll
0x00007ff9dd1d0000 - 0x00007ff9dd1e2000 	C:\windows\SYSTEM32\kernel.appcore.dll
0x00007ff9c8b20000 - 0x00007ff9c8b2a000 	d:\Users\S9049880\.vscode\extensions\redhat.java-1.12.0-win32-x64\jre\17.0.4.1-win32-x86_64\bin\jimage.dll
0x00007ff9dbf20000 - 0x00007ff9dc104000 	C:\windows\SYSTEM32\DBGHELP.DLL
0x00007ff9d78b0000 - 0x00007ff9d78dc000 	C:\windows\SYSTEM32\dbgcore.DLL
0x00007ff9c8b10000 - 0x00007ff9c8b1e000 	d:\Users\S9049880\.vscode\extensions\redhat.java-1.12.0-win32-x64\jre\17.0.4.1-win32-x86_64\bin\instrument.dll
0x00007ff9bb070000 - 0x00007ff9bb095000 	d:\Users\S9049880\.vscode\extensions\redhat.java-1.12.0-win32-x64\jre\17.0.4.1-win32-x86_64\bin\java.dll
0x00007ff9c6190000 - 0x00007ff9c61a8000 	d:\Users\S9049880\.vscode\extensions\redhat.java-1.12.0-win32-x64\jre\17.0.4.1-win32-x86_64\bin\zip.dll

dbghelp: loaded successfully - version: 4.0.5 - missing functions: none
symbol engine: initialized successfully - sym options: 0x614 - pdb path: .;d:\Users\S9049880\.vscode\extensions\redhat.java-1.12.0-win32-x64\jre\17.0.4.1-win32-x86_64\bin;C:\windows\SYSTEM32;C:\windows\WinSxS\amd64_microsoft.windows.common-controls_6595b64144ccf1df_6.0.19041.1110_none_60b5254171f9507e;d:\Users\S9049880\.vscode\extensions\redhat.java-1.12.0-win32-x64\jre\17.0.4.1-win32-x86_64\bin\server

VM Arguments:
jvm_args: --add-modules=ALL-SYSTEM --add-opens=java.base/java.util=ALL-UNNAMED --add-opens=java.base/java.lang=ALL-UNNAMED --add-opens=java.base/sun.nio.fs=ALL-UNNAMED -Declipse.application=org.eclipse.jdt.ls.core.id1 -Dosgi.bundles.defaultStartLevel=4 -Declipse.product=org.eclipse.jdt.ls.core.product -Djava.import.generatesMetadataFilesAtProjectRoot=false -Dfile.encoding=utf8 -XX:+UseParallelGC -XX:GCTimeRatio=4 -XX:AdaptiveSizePolicyWeight=90 -Dsun.zip.disableMemoryMapping=true -Xmx1G -Xms100m -Xlog:disable -javaagent:d:\Users\S9049880\.vscode\extensions\redhat.java-1.12.0-win32-x64\lombok\lombok-1.18.24.jar -XX:+HeapDumpOnOutOfMemoryError -XX:HeapDumpPath=d:\Users\S9049880\AppData\Roaming\Code\User\workspaceStorage\c29feb8b2c5aa729fa7e44b4dbb5fce7\redhat.java 
java_command: d:\Users\S9049880\.vscode\extensions\redhat.java-1.12.0-win32-x64\server\plugins\org.eclipse.equinox.launcher_1.6.400.v20210924-0641.jar -configuration d:\Users\S9049880\AppData\Roaming\Code\User\globalStorage\redhat.java\1.12.0\config_win -data d:\Users\S9049880\AppData\Roaming\Code\User\workspaceStorage\c29feb8b2c5aa729fa7e44b4dbb5fce7\redhat.java\jdt_ws
java_class_path (initial): d:\Users\S9049880\.vscode\extensions\redhat.java-1.12.0-win32-x64\server\plugins\org.eclipse.equinox.launcher_1.6.400.v20210924-0641.jar
Launcher Type: SUN_STANDARD

[Global flags]
    uintx AdaptiveSizePolicyWeight                 = 90                                        {product} {command line}
     intx CICompilerCount                          = 4                                         {product} {ergonomic}
    uintx GCTimeRatio                              = 4                                         {product} {command line}
     bool HeapDumpOnOutOfMemoryError               = true                                   {manageable} {command line}
    ccstr HeapDumpPath                             = d:\Users\S9049880\AppData\Roaming\Code\User\workspaceStorage\c29feb8b2c5aa729fa7e44b4dbb5fce7\redhat.java         {manageable} {command line}
   size_t InitialHeapSize                          = 104857600                                 {product} {command line}
   size_t MaxHeapSize                              = 1073741824                                {product} {command line}
   size_t MaxNewSize                               = 357564416                                 {product} {ergonomic}
   size_t MinHeapDeltaBytes                        = 524288                                    {product} {ergonomic}
   size_t MinHeapSize                              = 104857600                                 {product} {command line}
   size_t NewSize                                  = 34603008                                  {product} {ergonomic}
    uintx NonNMethodCodeHeapSize                   = 5839372                                {pd product} {ergonomic}
    uintx NonProfiledCodeHeapSize                  = 122909434                              {pd product} {ergonomic}
   size_t OldSize                                  = 70254592                                  {product} {ergonomic}
    uintx ProfiledCodeHeapSize                     = 122909434                              {pd product} {ergonomic}
    uintx ReservedCodeCacheSize                    = 251658240                              {pd product} {ergonomic}
     bool SegmentedCodeCache                       = true                                      {product} {ergonomic}
   size_t SoftMaxHeapSize                          = 1073741824                             {manageable} {ergonomic}
     bool UseCompressedClassPointers               = true                           {product lp64_product} {ergonomic}
     bool UseCompressedOops                        = true                           {product lp64_product} {ergonomic}
     bool UseLargePagesIndividualAllocation        = false                                  {pd product} {ergonomic}
     bool UseParallelGC                            = true                                      {product} {command line}

Logging:
Log output configuration:
 #0: stdout all=off uptime,level,tags
 #1: stderr all=off uptime,level,tags

Environment Variables:
JAVA_HOME=C:\Program Files\Java\jdk1.8.0_202\bin
CLASSPATH=.;C:\Program Files\Java\jdk1.8.0_202\bin\lib\dt.jar;C:\Program Files\Java\jdk1.8.0_202\bin\lib\tools.jar
PATH=C:\Program Files (x86)\Common Files\Oracle\Java\javapath;C:\windows\system32;C:\windows;C:\windows\System32\Wbem;C:\windows\System32\WindowsPowerShell\v1.0\;C:\windows\System32\OpenSSH\;C:\Program Files (x86)\NetSarang\Xshell 7\;C:\Program Files\Docker\Docker\resources\bin;C:\ProgramData\DockerDesktop\version-bin;C:\Program Files\Go\bin;C:\Program Files\Java\jdk1.8.0_202\bin;E:\Program Files\Git\cmd;%MAVEN_HOME%\bin;D:\Users\S9049880\AppData\Local\Microsoft\WindowsApps;;C:\Program Files\JetBrains\PyCharm Community Edition 2021.2.3\bin;;E:\Program Files\JetBrains\IntelliJ IDEA Community Edition 2022.2.3\bin;;D:\Users\S9049880\go\bin;D:\Users\S9049880\AppData\Local\Programs\Microsoft VS Code\bin
USERNAME=S9049880
OS=Windows_NT
PROCESSOR_IDENTIFIER=Intel64 Family 6 Model 165 Stepping 3, GenuineIntel
TMP=D:\Users\S9049880\AppData\Local\Temp
TEMP=D:\Users\S9049880\AppData\Local\Temp



---------------  S Y S T E M  ---------------

OS:
 Windows 10 , 64 bit Build 19041 (10.0.19041.1889)
OS uptime: 18 days 14:47 hours
Hyper-V role detected

CPU: total 12 (initial active 12) (6 cores per cpu, 2 threads per core) family 6 model 165 stepping 3 microcode 0xe0, cx8, cmov, fxsr, ht, mmx, 3dnowpref, sse, sse2, sse3, ssse3, sse4.1, sse4.2, popcnt, lzcnt, tsc, tscinvbit, avx, avx2, aes, erms, clmul, bmi1, bmi2, adx, fma, vzeroupper, clflush, clflushopt, hv

Memory: 4k page, system-wide physical 16096M (3157M free)
TotalPageFile size 31096M (AvailPageFile size 3M)
current process WorkingSet (physical memory assigned to process): 28M, peak: 28M
current process commit charge ("private bytes"): 186M, peak: 187M

vm_info: OpenJDK 64-Bit Server VM (17.0.4.1+1) for windows-amd64 JRE (17.0.4.1+1), built on Aug 17 2022 07:42:43 by "temurin" with MS VC++ 16.7 (VS2019)

END.
